<?xml version="1.0" encoding="UTF-8"?>
<!-- Generated by org.testng.reporters.JUnitReportReporter -->
<testsuite hostname="LAPTOP-1ONNQJJL" failures="0" tests="1" name="testmaven.testmaven.AppTest" time="11.907" errors="0" timestamp="25 Jun 2020 03:23:44 GMT" skipped="0">
  <testcase classname="testmaven.testmaven.AppTest" name="test" time="11.907"/>
</testsuite> <!-- testmaven.testmaven.AppTest -->
